<?xml version="1.0" encoding="UTF-8"?>
<testsuite xmlns:xsi="http://www.w3.org/2001/XMLSchema-instance" xsi:noNamespaceSchemaLocation="https://maven.apache.org/surefire/maven-surefire-plugin/xsd/surefire-test-report-3.0.xsd" version="3.0" name="GraphTest" time="2.17" tests="2" errors="0" skipped="0" failures="0">
  <properties>
    <property name="java.specification.version" value="17"/>
    <property name="sun.jnu.encoding" value="UTF-8"/>
    <property name="java.class.path" value="/Users/mattheusstearns/Desktop/Carleton/Computer Science/CS201/HW/imdb_graph/target/test-classes:/Users/mattheusstearns/Desktop/Carleton/Computer Science/CS201/HW/imdb_graph/target/classes:/Users/mattheusstearns/.m2/repository/org/jetbrains/kotlin/kotlin-stdlib/2.0.10/kotlin-stdlib-2.0.10.jar:/Users/mattheusstearns/.m2/repository/org/jetbrains/annotations/13.0/annotations-13.0.jar:/Users/mattheusstearns/.m2/repository/org/jetbrains/kotlin/kotlin-test-junit5/2.0.10/kotlin-test-junit5-2.0.10.jar:/Users/mattheusstearns/.m2/repository/org/jetbrains/kotlin/kotlin-test/2.0.10/kotlin-test-2.0.10.jar:/Users/mattheusstearns/.m2/repository/org/junit/jupiter/junit-jupiter-api/5.10.1/junit-jupiter-api-5.10.1.jar:/Users/mattheusstearns/.m2/repository/org/opentest4j/opentest4j/1.3.0/opentest4j-1.3.0.jar:/Users/mattheusstearns/.m2/repository/org/junit/platform/junit-platform-commons/1.10.1/junit-platform-commons-1.10.1.jar:/Users/mattheusstearns/.m2/repository/org/apiguardian/apiguardian-api/1.1.2/apiguardian-api-1.1.2.jar:/Users/mattheusstearns/.m2/repository/org/junit/jupiter/junit-jupiter-engine/5.10.1/junit-jupiter-engine-5.10.1.jar:/Users/mattheusstearns/.m2/repository/org/junit/platform/junit-platform-engine/1.10.1/junit-platform-engine-1.10.1.jar:/Users/mattheusstearns/.m2/repository/org/junit/platform/junit-platform-launcher/1.10.1/junit-platform-launcher-1.10.1.jar:/Users/mattheusstearns/.m2/repository/org/junit/jupiter/junit-jupiter/5.11.3/junit-jupiter-5.11.3.jar:/Users/mattheusstearns/.m2/repository/org/junit/jupiter/junit-jupiter-params/5.11.3/junit-jupiter-params-5.11.3.jar:"/>
    <property name="java.vm.vendor" value="Homebrew"/>
    <property name="sun.arch.data.model" value="64"/>
    <property name="java.vendor.url" value="https://github.com/Homebrew/homebrew-core/issues"/>
    <property name="os.name" value="Mac OS X"/>
    <property name="java.vm.specification.version" value="17"/>
    <property name="sun.java.launcher" value="SUN_STANDARD"/>
    <property name="user.country" value="US"/>
    <property name="sun.boot.library.path" value="/opt/homebrew/Cellar/openjdk@17/17.0.17/libexec/openjdk.jdk/Contents/Home/lib"/>
    <property name="sun.java.command" value="/Users/mattheusstearns/Desktop/Carleton/Computer Science/CS201/HW/imdb_graph/target/surefire/surefirebooter-20251029224857114_3.jar /Users/mattheusstearns/Desktop/Carleton/Computer Science/CS201/HW/imdb_graph/target/surefire 2025-10-29T22-48-57_080-jvmRun1 surefire-20251029224857114_1tmp surefire_0-20251029224857114_2tmp"/>
    <property name="http.nonProxyHosts" value="local|*.local|169.254/16|*.169.254/16"/>
    <property name="jdk.debug" value="release"/>
    <property name="surefire.test.class.path" value="/Users/mattheusstearns/Desktop/Carleton/Computer Science/CS201/HW/imdb_graph/target/test-classes:/Users/mattheusstearns/Desktop/Carleton/Computer Science/CS201/HW/imdb_graph/target/classes:/Users/mattheusstearns/.m2/repository/org/jetbrains/kotlin/kotlin-stdlib/2.0.10/kotlin-stdlib-2.0.10.jar:/Users/mattheusstearns/.m2/repository/org/jetbrains/annotations/13.0/annotations-13.0.jar:/Users/mattheusstearns/.m2/repository/org/jetbrains/kotlin/kotlin-test-junit5/2.0.10/kotlin-test-junit5-2.0.10.jar:/Users/mattheusstearns/.m2/repository/org/jetbrains/kotlin/kotlin-test/2.0.10/kotlin-test-2.0.10.jar:/Users/mattheusstearns/.m2/repository/org/junit/jupiter/junit-jupiter-api/5.10.1/junit-jupiter-api-5.10.1.jar:/Users/mattheusstearns/.m2/repository/org/opentest4j/opentest4j/1.3.0/opentest4j-1.3.0.jar:/Users/mattheusstearns/.m2/repository/org/junit/platform/junit-platform-commons/1.10.1/junit-platform-commons-1.10.1.jar:/Users/mattheusstearns/.m2/repository/org/apiguardian/apiguardian-api/1.1.2/apiguardian-api-1.1.2.jar:/Users/mattheusstearns/.m2/repository/org/junit/jupiter/junit-jupiter-engine/5.10.1/junit-jupiter-engine-5.10.1.jar:/Users/mattheusstearns/.m2/repository/org/junit/platform/junit-platform-engine/1.10.1/junit-platform-engine-1.10.1.jar:/Users/mattheusstearns/.m2/repository/org/junit/platform/junit-platform-launcher/1.10.1/junit-platform-launcher-1.10.1.jar:/Users/mattheusstearns/.m2/repository/org/junit/jupiter/junit-jupiter/5.11.3/junit-jupiter-5.11.3.jar:/Users/mattheusstearns/.m2/repository/org/junit/jupiter/junit-jupiter-params/5.11.3/junit-jupiter-params-5.11.3.jar:"/>
    <property name="sun.cpu.endian" value="little"/>
    <property name="user.home" value="/Users/mattheusstearns"/>
    <property name="user.language" value="en"/>
    <property name="java.specification.vendor" value="Oracle Corporation"/>
    <property name="java.version.date" value="2025-10-21"/>
    <property name="java.home" value="/opt/homebrew/Cellar/openjdk@17/17.0.17/libexec/openjdk.jdk/Contents/Home"/>
    <property name="file.separator" value="/"/>
    <property name="basedir" value="/Users/mattheusstearns/Desktop/Carleton/Computer Science/CS201/HW/imdb_graph"/>
    <property name="java.vm.compressedOopsMode" value="Zero based"/>
    <property name="line.separator" value="&#10;"/>
    <property name="java.specification.name" value="Java Platform API Specification"/>
    <property name="java.vm.specification.vendor" value="Oracle Corporation"/>
    <property name="surefire.real.class.path" value="/Users/mattheusstearns/Desktop/Carleton/Computer Science/CS201/HW/imdb_graph/target/surefire/surefirebooter-20251029224857114_3.jar"/>
    <property name="sun.management.compiler" value="HotSpot 64-Bit Tiered Compilers"/>
    <property name="ftp.nonProxyHosts" value="local|*.local|169.254/16|*.169.254/16"/>
    <property name="java.runtime.version" value="17.0.17+0"/>
    <property name="user.name" value="mattheusstearns"/>
    <property name="path.separator" value=":"/>
    <property name="os.version" value="15.6.1"/>
    <property name="java.runtime.name" value="OpenJDK Runtime Environment"/>
    <property name="file.encoding" value="UTF-8"/>
    <property name="java.vm.name" value="OpenJDK 64-Bit Server VM"/>
    <property name="java.vendor.version" value="Homebrew"/>
    <property name="localRepository" value="/Users/mattheusstearns/.m2/repository"/>
    <property name="java.vendor.url.bug" value="https://github.com/Homebrew/homebrew-core/issues"/>
    <property name="java.io.tmpdir" value="/var/folders/1y/v_9wmyd10fg1m45m_mw7txl40000gn/T/"/>
    <property name="java.version" value="17.0.17"/>
    <property name="user.dir" value="/Users/mattheusstearns/Desktop/Carleton/Computer Science/CS201/HW/imdb_graph"/>
    <property name="os.arch" value="aarch64"/>
    <property name="java.vm.specification.name" value="Java Virtual Machine Specification"/>
    <property name="native.encoding" value="UTF-8"/>
    <property name="java.library.path" value="/Users/mattheusstearns/Library/Java/Extensions:/Library/Java/Extensions:/Network/Library/Java/Extensions:/System/Library/Java/Extensions:/usr/lib/java:."/>
    <property name="java.vm.info" value="mixed mode, sharing"/>
    <property name="java.vendor" value="Homebrew"/>
    <property name="java.vm.version" value="17.0.17+0"/>
    <property name="java.specification.maintenance.version" value="1"/>
    <property name="sun.io.unicode.encoding" value="UnicodeBig"/>
    <property name="socksNonProxyHosts" value="local|*.local|169.254/16|*.169.254/16"/>
    <property name="java.class.version" value="61.0"/>
  </properties>
  <testcase name="testShortestPath" classname="GraphTest" time="1.515">
    <system-out><![CDATA[Reading data...
Reading titles
Finished reading data
]]></system-out>
  </testcase>
  <testcase name="testConnectedPerformers" classname="GraphTest" time="0.646">
    <system-out><![CDATA[Reading data...
Reading titles
Finished reading data
]]></system-out>
  </testcase>
</testsuite>