<?xml version="1.0" encoding="UTF-8"?>
<testsuite xmlns:xsi="http://www.w3.org/2001/XMLSchema-instance" xsi:noNamespaceSchemaLocation="https://maven.apache.org/surefire/maven-surefire-plugin/xsd/surefire-test-report-3.0.xsd" version="3.0" name="HashTest" time="0.118" tests="4" errors="0" skipped="0" failures="0">
  <properties>
    <property name="java.specification.version" value="25"/>
    <property name="sun.jnu.encoding" value="UTF-8"/>
    <property name="java.class.path" value="/Users/mattheusstearns/Desktop/Carleton/Computer Science/CS201/HW/cuckoo-hashing/target/test-classes:/Users/mattheusstearns/Desktop/Carleton/Computer Science/CS201/HW/cuckoo-hashing/target/classes:/Users/mattheusstearns/.m2/repository/org/jetbrains/kotlin/kotlin-stdlib/2.2.0/kotlin-stdlib-2.2.0.jar:/Users/mattheusstearns/.m2/repository/org/jetbrains/annotations/13.0/annotations-13.0.jar:/Users/mattheusstearns/.m2/repository/org/jetbrains/kotlin/kotlin-test/2.2.0/kotlin-test-2.2.0.jar:/Users/mattheusstearns/.m2/repository/org/jetbrains/kotlin/kotlin-test-junit/2.2.0/kotlin-test-junit-2.2.0.jar:/Users/mattheusstearns/.m2/repository/junit/junit/4.13.2/junit-4.13.2.jar:/Users/mattheusstearns/.m2/repository/org/hamcrest/hamcrest-core/1.3/hamcrest-core-1.3.jar:"/>
    <property name="java.vm.vendor" value="Homebrew"/>
    <property name="sun.arch.data.model" value="64"/>
    <property name="java.vendor.url" value="https://github.com/Homebrew/homebrew-core/issues"/>
    <property name="os.name" value="Mac OS X"/>
    <property name="java.vm.specification.version" value="25"/>
    <property name="sun.java.launcher" value="SUN_STANDARD"/>
    <property name="user.country" value="US"/>
    <property name="sun.boot.library.path" value="/opt/homebrew/Cellar/openjdk/25/libexec/openjdk.jdk/Contents/Home/lib"/>
    <property name="sun.java.command" value="/Users/mattheusstearns/Desktop/Carleton/Computer Science/CS201/HW/cuckoo-hashing/target/surefire/surefirebooter-20251017105719315_3.jar /Users/mattheusstearns/Desktop/Carleton/Computer Science/CS201/HW/cuckoo-hashing/target/surefire 2025-10-17T10-57-19_276-jvmRun1 surefire-20251017105719315_1tmp surefire_0-20251017105719315_2tmp"/>
    <property name="http.nonProxyHosts" value="local|*.local|169.254/16|*.169.254/16"/>
    <property name="jdk.debug" value="release"/>
    <property name="surefire.test.class.path" value="/Users/mattheusstearns/Desktop/Carleton/Computer Science/CS201/HW/cuckoo-hashing/target/test-classes:/Users/mattheusstearns/Desktop/Carleton/Computer Science/CS201/HW/cuckoo-hashing/target/classes:/Users/mattheusstearns/.m2/repository/org/jetbrains/kotlin/kotlin-stdlib/2.2.0/kotlin-stdlib-2.2.0.jar:/Users/mattheusstearns/.m2/repository/org/jetbrains/annotations/13.0/annotations-13.0.jar:/Users/mattheusstearns/.m2/repository/org/jetbrains/kotlin/kotlin-test/2.2.0/kotlin-test-2.2.0.jar:/Users/mattheusstearns/.m2/repository/org/jetbrains/kotlin/kotlin-test-junit/2.2.0/kotlin-test-junit-2.2.0.jar:/Users/mattheusstearns/.m2/repository/junit/junit/4.13.2/junit-4.13.2.jar:/Users/mattheusstearns/.m2/repository/org/hamcrest/hamcrest-core/1.3/hamcrest-core-1.3.jar:"/>
    <property name="sun.cpu.endian" value="little"/>
    <property name="user.home" value="/Users/mattheusstearns"/>
    <property name="user.language" value="en"/>
    <property name="java.specification.vendor" value="Oracle Corporation"/>
    <property name="java.version.date" value="2025-09-16"/>
    <property name="java.home" value="/opt/homebrew/Cellar/openjdk/25/libexec/openjdk.jdk/Contents/Home"/>
    <property name="file.separator" value="/"/>
    <property name="basedir" value="/Users/mattheusstearns/Desktop/Carleton/Computer Science/CS201/HW/cuckoo-hashing"/>
    <property name="java.vm.compressedOopsMode" value="Zero based"/>
    <property name="line.separator" value="&#10;"/>
    <property name="java.vm.specification.vendor" value="Oracle Corporation"/>
    <property name="java.specification.name" value="Java Platform API Specification"/>
    <property name="apple.awt.application.name" value="ForkedBooter"/>
    <property name="surefire.real.class.path" value="/Users/mattheusstearns/Desktop/Carleton/Computer Science/CS201/HW/cuckoo-hashing/target/surefire/surefirebooter-20251017105719315_3.jar"/>
    <property name="sun.management.compiler" value="HotSpot 64-Bit Tiered Compilers"/>
    <property name="ftp.nonProxyHosts" value="local|*.local|169.254/16|*.169.254/16"/>
    <property name="java.runtime.version" value="25"/>
    <property name="user.name" value="mattheusstearns"/>
    <property name="stdout.encoding" value="UTF-8"/>
    <property name="path.separator" value=":"/>
    <property name="os.version" value="15.6.1"/>
    <property name="java.runtime.name" value="OpenJDK Runtime Environment"/>
    <property name="file.encoding" value="UTF-8"/>
    <property name="java.vm.name" value="OpenJDK 64-Bit Server VM"/>
    <property name="java.vendor.version" value="Homebrew"/>
    <property name="localRepository" value="/Users/mattheusstearns/.m2/repository"/>
    <property name="java.vendor.url.bug" value="https://github.com/Homebrew/homebrew-core/issues"/>
    <property name="java.io.tmpdir" value="/var/folders/1y/v_9wmyd10fg1m45m_mw7txl40000gn/T/"/>
    <property name="java.version" value="25"/>
    <property name="user.dir" value="/Users/mattheusstearns/Desktop/Carleton/Computer Science/CS201/HW/cuckoo-hashing"/>
    <property name="os.arch" value="aarch64"/>
    <property name="java.vm.specification.name" value="Java Virtual Machine Specification"/>
    <property name="native.encoding" value="UTF-8"/>
    <property name="java.library.path" value="/Users/mattheusstearns/Library/Java/Extensions:/Library/Java/Extensions:/Network/Library/Java/Extensions:/System/Library/Java/Extensions:/usr/lib/java:."/>
    <property name="java.vm.info" value="mixed mode, sharing"/>
    <property name="stderr.encoding" value="UTF-8"/>
    <property name="java.vendor" value="Homebrew"/>
    <property name="java.vm.version" value="25"/>
    <property name="stdin.encoding" value="UTF-8"/>
    <property name="sun.io.unicode.encoding" value="UnicodeBig"/>
    <property name="socksNonProxyHosts" value="local|*.local|169.254/16|*.169.254/16"/>
    <property name="java.class.version" value="69.0"/>
  </properties>
  <testcase name="noRehashingNeeded" classname="HashTest" time="0.033"/>
  <testcase name="testGeneralFunctionality" classname="HashTest" time="0.0"/>
  <testcase name="oneTableNoRehashingNeeded" classname="HashTest" time="0.005"/>
  <testcase name="rehashingLikely" classname="HashTest" time="0.056"/>
</testsuite>